<?xml version="1.0" encoding="UTF-8"?>
<!-- Generated by org.testng.reporters.JUnitReportReporter -->
<testsuite hostname="DESKTOP-FUGQNF4" failures="0" tests="5" name="testcase.Tc" time="129.659" errors="0" timestamp="2023-04-11T16:21:25 IST" skipped="0">
  <testcase classname="testcase.Tc" name="verifyUrl" time="28.278"/>
  <system-out/>
  <testcase classname="testcase.Tc" name="verifyLoginWithValidCredential" time="33.987"/>
  <system-out/>
  <testcase classname="testcase.Tc" name="verifyScrollDown" time="27.576"/>
  <system-out/>
  <testcase classname="testcase.Tc" name="verifyGetWindowHandle" time="22.455"/>
  <system-out/>
  <testcase classname="testcase.Tc" name="verifyCookiesHandle" time="17.363"/>
  <system-out/>
</testsuite> <!-- testcase.Tc -->
